{"W:\\flavi\\Aplicativos\\Automação UPWORK\\services\\upwork-feed-collector.ts": {"path":"W:\\flavi\\Aplicativos\\Automação UPWORK\\services\\upwork-feed-collector.ts","statementMap":{"0":{"start":{"line":25,"column":17},"end":{"line":25,"column":null}},"1":{"start":{"line":26,"column":37},"end":{"line":26,"column":null}},"2":{"start":{"line":27,"column":38},"end":{"line":27,"column":null}},"3":{"start":{"line":28,"column":34},"end":{"line":28,"column":null}},"4":{"start":{"line":29,"column":34},"end":{"line":29,"column":null}},"5":{"start":{"line":30,"column":35},"end":{"line":35,"column":null}},"6":{"start":{"line":38,"column":38},"end":{"line":38,"column":null}},"7":{"start":{"line":47,"column":8},"end":{"line":47,"column":null}},"8":{"start":{"line":48,"column":8},"end":{"line":48,"column":null}},"9":{"start":{"line":49,"column":8},"end":{"line":49,"column":null}},"10":{"start":{"line":50,"column":8},"end":{"line":50,"column":null}},"11":{"start":{"line":51,"column":8},"end":{"line":51,"column":null}},"12":{"start":{"line":52,"column":8},"end":{"line":52,"column":null}},"13":{"start":{"line":56,"column":45},"end":{"line":56,"column":null}},"14":{"start":{"line":57,"column":32},"end":{"line":57,"column":null}},"15":{"start":{"line":59,"column":8},"end":{"line":151,"column":null}},"16":{"start":{"line":60,"column":12},"end":{"line":60,"column":null}},"17":{"start":{"line":61,"column":12},"end":{"line":74,"column":null}},"18":{"start":{"line":62,"column":16},"end":{"line":62,"column":null}},"19":{"start":{"line":64,"column":16},"end":{"line":64,"column":null}},"20":{"start":{"line":65,"column":30},"end":{"line":65,"column":79}},"21":{"start":{"line":66,"column":16},"end":{"line":72,"column":null}},"22":{"start":{"line":67,"column":20},"end":{"line":72,"column":null}},"23":{"start":{"line":74,"column":16},"end":{"line":74,"column":null}},"24":{"start":{"line":79,"column":34},"end":{"line":79,"column":49}},"25":{"start":{"line":80,"column":31},"end":{"line":80,"column":86}},"26":{"start":{"line":80,"column":55},"end":{"line":80,"column":85}},"27":{"start":{"line":82,"column":12},"end":{"line":96,"column":null}},"28":{"start":{"line":84,"column":32},"end":{"line":84,"column":74}},"29":{"start":{"line":84,"column":55},"end":{"line":84,"column":62}},"30":{"start":{"line":85,"column":16},"end":{"line":96,"column":null}},"31":{"start":{"line":99,"column":12},"end":{"line":99,"column":null}},"32":{"start":{"line":100,"column":12},"end":{"line":100,"column":null}},"33":{"start":{"line":100,"column":50},"end":{"line":100,"column":55}},"34":{"start":{"line":102,"column":31},"end":{"line":102,"column":41}},"35":{"start":{"line":103,"column":12},"end":{"line":103,"column":null}},"36":{"start":{"line":108,"column":31},"end":{"line":111,"column":67}},"37":{"start":{"line":113,"column":12},"end":{"line":116,"column":null}},"38":{"start":{"line":114,"column":16},"end":{"line":114,"column":null}},"39":{"start":{"line":115,"column":16},"end":{"line":115,"column":null}},"40":{"start":{"line":116,"column":16},"end":{"line":116,"column":null}},"41":{"start":{"line":122,"column":32},"end":{"line":122,"column":64}},"42":{"start":{"line":123,"column":12},"end":{"line":129,"column":null}},"43":{"start":{"line":124,"column":30},"end":{"line":124,"column":64}},"44":{"start":{"line":124,"column":61},"end":{"line":124,"column":64}},"45":{"start":{"line":125,"column":32},"end":{"line":125,"column":86}},"46":{"start":{"line":125,"column":83},"end":{"line":125,"column":86}},"47":{"start":{"line":126,"column":16},"end":{"line":126,"column":null}},"48":{"start":{"line":127,"column":16},"end":{"line":127,"column":null}},"49":{"start":{"line":128,"column":16},"end":{"line":128,"column":null}},"50":{"start":{"line":129,"column":16},"end":{"line":129,"column":null}},"51":{"start":{"line":132,"column":34},"end":{"line":132,"column":78}},"52":{"start":{"line":133,"column":12},"end":{"line":144,"column":null}},"53":{"start":{"line":134,"column":16},"end":{"line":144,"column":null}},"54":{"start":{"line":147,"column":12},"end":{"line":147,"column":null}},"55":{"start":{"line":148,"column":12},"end":{"line":148,"column":null}},"56":{"start":{"line":151,"column":12},"end":{"line":151,"column":null}},"57":{"start":{"line":157,"column":30},"end":{"line":157,"column":74}},"58":{"start":{"line":159,"column":8},"end":{"line":200,"column":null}},"59":{"start":{"line":159,"column":25},"end":{"line":159,"column":28}},"60":{"start":{"line":160,"column":49},"end":{"line":160,"column":88}},"61":{"start":{"line":161,"column":26},"end":{"line":161,"column":45}},"62":{"start":{"line":163,"column":12},"end":{"line":176,"column":null}},"63":{"start":{"line":164,"column":16},"end":{"line":173,"column":null}},"64":{"start":{"line":165,"column":37},"end":{"line":165,"column":91}},"65":{"start":{"line":165,"column":88},"end":{"line":165,"column":91}},"66":{"start":{"line":166,"column":20},"end":{"line":173,"column":null}},"67":{"start":{"line":176,"column":16},"end":{"line":176,"column":null}},"68":{"start":{"line":179,"column":36},"end":{"line":179,"column":null}},"69":{"start":{"line":180,"column":12},"end":{"line":188,"column":null}},"70":{"start":{"line":180,"column":29},"end":{"line":180,"column":32}},"71":{"start":{"line":181,"column":36},"end":{"line":181,"column":114}},"72":{"start":{"line":181,"column":109},"end":{"line":181,"column":114}},"73":{"start":{"line":182,"column":16},"end":{"line":183,"column":null}},"74":{"start":{"line":183,"column":20},"end":{"line":183,"column":null}},"75":{"start":{"line":186,"column":34},"end":{"line":186,"column":null}},"76":{"start":{"line":187,"column":16},"end":{"line":188,"column":null}},"77":{"start":{"line":188,"column":20},"end":{"line":188,"column":null}},"78":{"start":{"line":192,"column":12},"end":{"line":193,"column":null}},"79":{"start":{"line":193,"column":16},"end":{"line":193,"column":null}},"80":{"start":{"line":196,"column":12},"end":{"line":197,"column":null}},"81":{"start":{"line":197,"column":16},"end":{"line":197,"column":null}},"82":{"start":{"line":200,"column":12},"end":{"line":200,"column":null}},"83":{"start":{"line":203,"column":8},"end":{"line":203,"column":null}},"84":{"start":{"line":207,"column":22},"end":{"line":207,"column":44}},"85":{"start":{"line":208,"column":28},"end":{"line":208,"column":62}},"86":{"start":{"line":208,"column":60},"end":{"line":208,"column":62}},"87":{"start":{"line":210,"column":8},"end":{"line":210,"column":null}},"88":{"start":{"line":210,"column":52},"end":{"line":210,"column":57}},"89":{"start":{"line":212,"column":8},"end":{"line":216,"column":null}},"90":{"start":{"line":213,"column":52},"end":{"line":213,"column":null}},"91":{"start":{"line":216,"column":22},"end":{"line":216,"column":27}},"92":{"start":{"line":220,"column":8},"end":{"line":224,"column":null}},"93":{"start":{"line":221,"column":28},"end":{"line":221,"column":50}},"94":{"start":{"line":222,"column":26},"end":{"line":222,"column":62}},"95":{"start":{"line":222,"column":60},"end":{"line":222,"column":62}},"96":{"start":{"line":223,"column":12},"end":{"line":224,"column":null}},"97":{"start":{"line":224,"column":16},"end":{"line":224,"column":null}},"98":{"start":{"line":228,"column":8},"end":{"line":231,"column":null}},"99":{"start":{"line":235,"column":20},"end":{"line":261,"column":null}},"100":{"start":{"line":236,"column":25},"end":{"line":236,"column":null}},"101":{"start":{"line":237,"column":18},"end":{"line":242,"column":27}},"102":{"start":{"line":240,"column":29},"end":{"line":240,"column":40}},"103":{"start":{"line":244,"column":30},"end":{"line":244,"column":81}},"104":{"start":{"line":245,"column":27},"end":{"line":245,"column":56}},"105":{"start":{"line":246,"column":31},"end":{"line":246,"column":71}},"106":{"start":{"line":247,"column":33},"end":{"line":247,"column":75}},"107":{"start":{"line":248,"column":37},"end":{"line":248,"column":84}},"108":{"start":{"line":249,"column":39},"end":{"line":249,"column":88}},"109":{"start":{"line":251,"column":12},"end":{"line":260,"column":null}},"110":{"start":{"line":263,"column":22},"end":{"line":263,"column":57}},"111":{"start":{"line":264,"column":8},"end":{"line":265,"column":null}},"112":{"start":{"line":265,"column":12},"end":{"line":265,"column":null}},"113":{"start":{"line":268,"column":28},"end":{"line":268,"column":71}},"114":{"start":{"line":269,"column":20},"end":{"line":269,"column":null}},"115":{"start":{"line":271,"column":8},"end":{"line":280,"column":null}},"116":{"start":{"line":284,"column":8},"end":{"line":285,"column":null}},"117":{"start":{"line":285,"column":12},"end":{"line":285,"column":null}},"118":{"start":{"line":288,"column":8},"end":{"line":288,"column":null}},"119":{"start":{"line":290,"column":8},"end":{"line":291,"column":null}},"120":{"start":{"line":291,"column":12},"end":{"line":291,"column":null}},"121":{"start":{"line":296,"column":8},"end":{"line":297,"column":null}},"122":{"start":{"line":297,"column":12},"end":{"line":297,"column":null}},"123":{"start":{"line":300,"column":8},"end":{"line":300,"column":null}},"124":{"start":{"line":301,"column":8},"end":{"line":301,"column":null}},"125":{"start":{"line":303,"column":8},"end":{"line":321,"column":null}},"126":{"start":{"line":304,"column":12},"end":{"line":319,"column":null}},"127":{"start":{"line":306,"column":33},"end":{"line":306,"column":119}},"128":{"start":{"line":307,"column":20},"end":{"line":311,"column":null}},"129":{"start":{"line":321,"column":12},"end":{"line":321,"column":null}},"130":{"start":{"line":326,"column":22},"end":{"line":326,"column":56}},"131":{"start":{"line":326,"column":53},"end":{"line":326,"column":56}},"132":{"start":{"line":327,"column":25},"end":{"line":327,"column":79}},"133":{"start":{"line":327,"column":76},"end":{"line":327,"column":79}},"134":{"start":{"line":328,"column":8},"end":{"line":328,"column":null}},"135":{"start":{"line":332,"column":24},"end":{"line":332,"column":42}},"136":{"start":{"line":333,"column":8},"end":{"line":337,"column":null}},"137":{"start":{"line":342,"column":22},"end":{"line":342,"column":54}},"138":{"start":{"line":343,"column":8},"end":{"line":343,"column":null}},"139":{"start":{"line":347,"column":8},"end":{"line":347,"column":null}}},"fnMap":{"0":{"name":"(anonymous_0)","decl":{"start":{"line":46,"column":4},"end":{"line":46,"column":16}},"loc":{"start":{"line":46,"column":58},"end":{"line":52,"column":null}},"line":46},"1":{"name":"(anonymous_1)","decl":{"start":{"line":55,"column":10},"end":{"line":55,"column":82}},"loc":{"start":{"line":55,"column":82},"end":{"line":151,"column":null}},"line":55},"2":{"name":"(anonymous_2)","decl":{"start":{"line":80,"column":45},"end":{"line":80,"column":50}},"loc":{"start":{"line":80,"column":55},"end":{"line":80,"column":85}},"line":80},"3":{"name":"(anonymous_3)","decl":{"start":{"line":84,"column":46},"end":{"line":84,"column":50}},"loc":{"start":{"line":84,"column":55},"end":{"line":84,"column":62}},"line":84},"4":{"name":"(anonymous_4)","decl":{"start":{"line":100,"column":38},"end":{"line":100,"column":50}},"loc":{"start":{"line":100,"column":50},"end":{"line":100,"column":55}},"line":100},"5":{"name":"(anonymous_5)","decl":{"start":{"line":124,"column":49},"end":{"line":124,"column":61}},"loc":{"start":{"line":124,"column":61},"end":{"line":124,"column":64}},"line":124},"6":{"name":"(anonymous_6)","decl":{"start":{"line":125,"column":71},"end":{"line":125,"column":83}},"loc":{"start":{"line":125,"column":83},"end":{"line":125,"column":86}},"line":125},"7":{"name":"(anonymous_7)","decl":{"start":{"line":156,"column":18},"end":{"line":156,"column":46}},"loc":{"start":{"line":156,"column":96},"end":{"line":203,"column":null}},"line":156},"8":{"name":"(anonymous_8)","decl":{"start":{"line":165,"column":76},"end":{"line":165,"column":88}},"loc":{"start":{"line":165,"column":88},"end":{"line":165,"column":91}},"line":165},"9":{"name":"(anonymous_9)","decl":{"start":{"line":181,"column":97},"end":{"line":181,"column":109}},"loc":{"start":{"line":181,"column":109},"end":{"line":181,"column":114}},"line":181},"10":{"name":"(anonymous_10)","decl":{"start":{"line":206,"column":18},"end":{"line":206,"column":45}},"loc":{"start":{"line":206,"column":90},"end":{"line":216,"column":null}},"line":206},"11":{"name":"(anonymous_11)","decl":{"start":{"line":208,"column":48},"end":{"line":208,"column":60}},"loc":{"start":{"line":208,"column":60},"end":{"line":208,"column":62}},"line":208},"12":{"name":"(anonymous_12)","decl":{"start":{"line":210,"column":40},"end":{"line":210,"column":52}},"loc":{"start":{"line":210,"column":52},"end":{"line":210,"column":57}},"line":210},"13":{"name":"(anonymous_13)","decl":{"start":{"line":212,"column":19},"end":{"line":212,"column":null}},"loc":{"start":{"line":213,"column":52},"end":{"line":213,"column":null}},"line":213},"14":{"name":"(anonymous_14)","decl":{"start":{"line":216,"column":10},"end":{"line":216,"column":22}},"loc":{"start":{"line":216,"column":22},"end":{"line":216,"column":27}},"line":216},"15":{"name":"(anonymous_15)","decl":{"start":{"line":219,"column":18},"end":{"line":219,"column":41}},"loc":{"start":{"line":219,"column":102},"end":{"line":231,"column":null}},"line":219},"16":{"name":"(anonymous_16)","decl":{"start":{"line":222,"column":48},"end":{"line":222,"column":60}},"loc":{"start":{"line":222,"column":60},"end":{"line":222,"column":62}},"line":222},"17":{"name":"(anonymous_17)","decl":{"start":{"line":234,"column":18},"end":{"line":234,"column":38}},"loc":{"start":{"line":234,"column":113},"end":{"line":280,"column":null}},"line":234},"18":{"name":"(anonymous_18)","decl":{"start":{"line":235,"column":31},"end":{"line":235,"column":40}},"loc":{"start":{"line":235,"column":48},"end":{"line":261,"column":null}},"line":235},"19":{"name":"(anonymous_19)","decl":{"start":{"line":240,"column":17},"end":{"line":240,"column":21}},"loc":{"start":{"line":240,"column":29},"end":{"line":240,"column":40}},"line":240},"20":{"name":"(anonymous_20)","decl":{"start":{"line":283,"column":18},"end":{"line":283,"column":34}},"loc":{"start":{"line":283,"column":76},"end":{"line":291,"column":null}},"line":283},"21":{"name":"(anonymous_21)","decl":{"start":{"line":295,"column":18},"end":{"line":295,"column":40}},"loc":{"start":{"line":295,"column":82},"end":{"line":321,"column":null}},"line":295},"22":{"name":"(anonymous_22)","decl":{"start":{"line":304,"column":23},"end":{"line":304,"column":null}},"loc":{"start":{"line":305,"column":22},"end":{"line":314,"column":null}},"line":305},"23":{"name":"(anonymous_23)","decl":{"start":{"line":325,"column":18},"end":{"line":325,"column":34}},"loc":{"start":{"line":325,"column":64},"end":{"line":328,"column":null}},"line":325},"24":{"name":"(anonymous_24)","decl":{"start":{"line":326,"column":41},"end":{"line":326,"column":53}},"loc":{"start":{"line":326,"column":53},"end":{"line":326,"column":56}},"line":326},"25":{"name":"(anonymous_25)","decl":{"start":{"line":327,"column":64},"end":{"line":327,"column":76}},"loc":{"start":{"line":327,"column":76},"end":{"line":327,"column":79}},"line":327},"26":{"name":"(anonymous_26)","decl":{"start":{"line":331,"column":4},"end":{"line":331,"column":12}},"loc":{"start":{"line":331,"column":51},"end":{"line":337,"column":null}},"line":331},"27":{"name":"(anonymous_27)","decl":{"start":{"line":341,"column":4},"end":{"line":341,"column":12}},"loc":{"start":{"line":341,"column":47},"end":{"line":343,"column":null}},"line":341},"28":{"name":"(anonymous_28)","decl":{"start":{"line":346,"column":4},"end":{"line":346,"column":12}},"loc":{"start":{"line":346,"column":74},"end":{"line":347,"column":null}},"line":346}},"branchMap":{"0":{"loc":{"start":{"line":46,"column":16},"end":{"line":46,"column":56}},"type":"default-arg","locations":[{"start":{"line":46,"column":54},"end":{"line":46,"column":56}}],"line":46},"1":{"loc":{"start":{"line":47,"column":24},"end":{"line":47,"column":null}},"type":"binary-expr","locations":[{"start":{"line":47,"column":24},"end":{"line":47,"column":44}},{"start":{"line":47,"column":44},"end":{"line":47,"column":null}}],"line":47},"2":{"loc":{"start":{"line":48,"column":34},"end":{"line":48,"column":null}},"type":"binary-expr","locations":[{"start":{"line":48,"column":34},"end":{"line":48,"column":64}},{"start":{"line":48,"column":64},"end":{"line":48,"column":null}}],"line":48},"3":{"loc":{"start":{"line":49,"column":35},"end":{"line":49,"column":null}},"type":"binary-expr","locations":[{"start":{"line":49,"column":35},"end":{"line":49,"column":66}},{"start":{"line":49,"column":66},"end":{"line":49,"column":null}}],"line":49},"4":{"loc":{"start":{"line":50,"column":31},"end":{"line":50,"column":null}},"type":"binary-expr","locations":[{"start":{"line":50,"column":31},"end":{"line":50,"column":58}},{"start":{"line":50,"column":58},"end":{"line":50,"column":null}}],"line":50},"5":{"loc":{"start":{"line":51,"column":32},"end":{"line":51,"column":null}},"type":"binary-expr","locations":[{"start":{"line":51,"column":32},"end":{"line":51,"column":60}},{"start":{"line":51,"column":60},"end":{"line":51,"column":null}}],"line":51},"6":{"loc":{"start":{"line":66,"column":16},"end":{"line":72,"column":null}},"type":"if","locations":[{"start":{"line":66,"column":16},"end":{"line":72,"column":null}},{"start":{},"end":{}}],"line":66},"7":{"loc":{"start":{"line":82,"column":12},"end":{"line":96,"column":null}},"type":"if","locations":[{"start":{"line":82,"column":12},"end":{"line":96,"column":null}},{"start":{},"end":{}}],"line":82},"8":{"loc":{"start":{"line":88,"column":43},"end":{"line":88,"column":64}},"type":"binary-expr","locations":[{"start":{"line":88,"column":43},"end":{"line":88,"column":54}},{"start":{"line":88,"column":54},"end":{"line":88,"column":64}}],"line":88},"9":{"loc":{"start":{"line":108,"column":31},"end":{"line":111,"column":67}},"type":"binary-expr","locations":[{"start":{"line":108,"column":31},"end":{"line":108,"column":64}},{"start":{"line":109,"column":31},"end":{"line":109,"column":66}},{"start":{"line":110,"column":31},"end":{"line":110,"column":69}},{"start":{"line":111,"column":31},"end":{"line":111,"column":67}}],"line":108},"10":{"loc":{"start":{"line":113,"column":12},"end":{"line":116,"column":null}},"type":"if","locations":[{"start":{"line":113,"column":12},"end":{"line":116,"column":null}},{"start":{},"end":{}}],"line":113},"11":{"loc":{"start":{"line":123,"column":12},"end":{"line":129,"column":null}},"type":"if","locations":[{"start":{"line":123,"column":12},"end":{"line":129,"column":null}},{"start":{},"end":{}}],"line":123},"12":{"loc":{"start":{"line":133,"column":12},"end":{"line":144,"column":null}},"type":"if","locations":[{"start":{"line":133,"column":12},"end":{"line":144,"column":null}},{"start":{},"end":{}}],"line":133},"13":{"loc":{"start":{"line":159,"column":28},"end":{"line":159,"column":104}},"type":"binary-expr","locations":[{"start":{"line":159,"column":28},"end":{"line":159,"column":60}},{"start":{"line":159,"column":60},"end":{"line":159,"column":104}}],"line":159},"14":{"loc":{"start":{"line":163,"column":12},"end":{"line":176,"column":null}},"type":"if","locations":[{"start":{"line":163,"column":12},"end":{"line":176,"column":null}},{"start":{},"end":{}}],"line":163},"15":{"loc":{"start":{"line":164,"column":16},"end":{"line":173,"column":null}},"type":"if","locations":[{"start":{"line":164,"column":16},"end":{"line":173,"column":null}},{"start":{},"end":{}}],"line":164},"16":{"loc":{"start":{"line":169,"column":28},"end":{"line":169,"column":null}},"type":"cond-expr","locations":[{"start":{"line":169,"column":39},"end":{"line":169,"column":83}},{"start":{"line":169,"column":83},"end":{"line":169,"column":null}}],"line":169},"17":{"loc":{"start":{"line":180,"column":32},"end":{"line":180,"column":93}},"type":"binary-expr","locations":[{"start":{"line":180,"column":32},"end":{"line":180,"column":49}},{"start":{"line":180,"column":49},"end":{"line":180,"column":93}}],"line":180},"18":{"loc":{"start":{"line":182,"column":16},"end":{"line":183,"column":null}},"type":"if","locations":[{"start":{"line":182,"column":16},"end":{"line":183,"column":null}},{"start":{},"end":{}}],"line":182},"19":{"loc":{"start":{"line":186,"column":34},"end":{"line":186,"column":null}},"type":"binary-expr","locations":[{"start":{"line":186,"column":34},"end":{"line":186,"column":53}},{"start":{"line":186,"column":53},"end":{"line":186,"column":82}},{"start":{"line":186,"column":82},"end":{"line":186,"column":null}}],"line":186},"20":{"loc":{"start":{"line":187,"column":16},"end":{"line":188,"column":null}},"type":"if","locations":[{"start":{"line":187,"column":16},"end":{"line":188,"column":null}},{"start":{},"end":{}}],"line":187},"21":{"loc":{"start":{"line":192,"column":12},"end":{"line":193,"column":null}},"type":"if","locations":[{"start":{"line":192,"column":12},"end":{"line":193,"column":null}},{"start":{},"end":{}}],"line":192},"22":{"loc":{"start":{"line":196,"column":12},"end":{"line":197,"column":null}},"type":"if","locations":[{"start":{"line":196,"column":12},"end":{"line":197,"column":null}},{"start":{},"end":{}}],"line":196},"23":{"loc":{"start":{"line":196,"column":16},"end":{"line":196,"column":69}},"type":"binary-expr","locations":[{"start":{"line":196,"column":16},"end":{"line":196,"column":58}},{"start":{"line":196,"column":58},"end":{"line":196,"column":69}}],"line":196},"24":{"loc":{"start":{"line":223,"column":12},"end":{"line":224,"column":null}},"type":"if","locations":[{"start":{"line":223,"column":12},"end":{"line":224,"column":null}},{"start":{},"end":{}}],"line":223},"25":{"loc":{"start":{"line":237,"column":26},"end":{"line":237,"column":null}},"type":"binary-expr","locations":[{"start":{"line":237,"column":26},"end":{"line":237,"column":46}},{"start":{"line":237,"column":46},"end":{"line":237,"column":null}}],"line":237},"26":{"loc":{"start":{"line":253,"column":23},"end":{"line":253,"column":null}},"type":"binary-expr","locations":[{"start":{"line":253,"column":23},"end":{"line":253,"column":53}},{"start":{"line":253,"column":57},"end":{"line":253,"column":87}},{"start":{"line":253,"column":91},"end":{"line":253,"column":null}}],"line":253},"27":{"loc":{"start":{"line":254,"column":22},"end":{"line":254,"column":null}},"type":"binary-expr","locations":[{"start":{"line":254,"column":22},"end":{"line":254,"column":38}},{"start":{"line":254,"column":38},"end":{"line":254,"column":66}},{"start":{"line":254,"column":70},"end":{"line":254,"column":null}}],"line":254},"28":{"loc":{"start":{"line":255,"column":31},"end":{"line":255,"column":null}},"type":"binary-expr","locations":[{"start":{"line":255,"column":31},"end":{"line":255,"column":63}},{"start":{"line":255,"column":67},"end":{"line":255,"column":null}}],"line":255},"29":{"loc":{"start":{"line":256,"column":24},"end":{"line":256,"column":null}},"type":"binary-expr","locations":[{"start":{"line":256,"column":24},"end":{"line":256,"column":55}},{"start":{"line":256,"column":59},"end":{"line":256,"column":null}}],"line":256},"30":{"loc":{"start":{"line":257,"column":26},"end":{"line":257,"column":null}},"type":"binary-expr","locations":[{"start":{"line":257,"column":26},"end":{"line":257,"column":59}},{"start":{"line":257,"column":63},"end":{"line":257,"column":null}}],"line":257},"31":{"loc":{"start":{"line":258,"column":30},"end":{"line":258,"column":null}},"type":"binary-expr","locations":[{"start":{"line":258,"column":30},"end":{"line":258,"column":67}},{"start":{"line":258,"column":71},"end":{"line":258,"column":null}}],"line":258},"32":{"loc":{"start":{"line":259,"column":32},"end":{"line":259,"column":null}},"type":"binary-expr","locations":[{"start":{"line":259,"column":32},"end":{"line":259,"column":71}},{"start":{"line":259,"column":75},"end":{"line":259,"column":null}}],"line":259},"33":{"loc":{"start":{"line":264,"column":8},"end":{"line":265,"column":null}},"type":"if","locations":[{"start":{"line":264,"column":8},"end":{"line":265,"column":null}},{"start":{},"end":{}}],"line":264},"34":{"loc":{"start":{"line":268,"column":53},"end":{"line":268,"column":71}},"type":"binary-expr","locations":[{"start":{"line":268,"column":53},"end":{"line":268,"column":65}},{"start":{"line":268,"column":65},"end":{"line":268,"column":71}}],"line":268},"35":{"loc":{"start":{"line":269,"column":20},"end":{"line":269,"column":null}},"type":"cond-expr","locations":[{"start":{"line":269,"column":31},"end":{"line":269,"column":68}},{"start":{"line":269,"column":71},"end":{"line":269,"column":null}}],"line":269},"36":{"loc":{"start":{"line":272,"column":27},"end":{"line":272,"column":null}},"type":"binary-expr","locations":[{"start":{"line":272,"column":27},"end":{"line":272,"column":70}},{"start":{"line":272,"column":74},"end":{"line":272,"column":null}}],"line":272},"37":{"loc":{"start":{"line":275,"column":20},"end":{"line":275,"column":null}},"type":"binary-expr","locations":[{"start":{"line":275,"column":20},"end":{"line":275,"column":56}},{"start":{"line":275,"column":60},"end":{"line":275,"column":90}},{"start":{"line":275,"column":94},"end":{"line":275,"column":null}}],"line":275},"38":{"loc":{"start":{"line":277,"column":22},"end":{"line":277,"column":null}},"type":"binary-expr","locations":[{"start":{"line":277,"column":22},"end":{"line":277,"column":60}},{"start":{"line":277,"column":64},"end":{"line":277,"column":null}}],"line":277},"39":{"loc":{"start":{"line":278,"column":26},"end":{"line":278,"column":null}},"type":"binary-expr","locations":[{"start":{"line":278,"column":26},"end":{"line":278,"column":68}},{"start":{"line":278,"column":72},"end":{"line":278,"column":null}}],"line":278},"40":{"loc":{"start":{"line":279,"column":28},"end":{"line":279,"column":null}},"type":"binary-expr","locations":[{"start":{"line":279,"column":28},"end":{"line":279,"column":72}},{"start":{"line":279,"column":76},"end":{"line":279,"column":null}}],"line":279},"41":{"loc":{"start":{"line":284,"column":8},"end":{"line":285,"column":null}},"type":"if","locations":[{"start":{"line":284,"column":8},"end":{"line":285,"column":null}},{"start":{},"end":{}}],"line":284},"42":{"loc":{"start":{"line":290,"column":8},"end":{"line":291,"column":null}},"type":"if","locations":[{"start":{"line":290,"column":8},"end":{"line":291,"column":null}},{"start":{},"end":{}}],"line":290},"43":{"loc":{"start":{"line":296,"column":8},"end":{"line":297,"column":null}},"type":"if","locations":[{"start":{"line":296,"column":8},"end":{"line":297,"column":null}},{"start":{},"end":{}}],"line":296},"44":{"loc":{"start":{"line":306,"column":55},"end":{"line":306,"column":86}},"type":"binary-expr","locations":[{"start":{"line":306,"column":55},"end":{"line":306,"column":83}},{"start":{"line":306,"column":83},"end":{"line":306,"column":86}}],"line":306},"45":{"loc":{"start":{"line":308,"column":24},"end":{"line":311,"column":52}},"type":"binary-expr","locations":[{"start":{"line":308,"column":24},"end":{"line":308,"column":59}},{"start":{"line":309,"column":24},"end":{"line":309,"column":55}},{"start":{"line":310,"column":24},"end":{"line":310,"column":60}},{"start":{"line":311,"column":24},"end":{"line":311,"column":52}}],"line":308},"46":{"loc":{"start":{"line":334,"column":12},"end":{"line":337,"column":42}},"type":"binary-expr","locations":[{"start":{"line":334,"column":12},"end":{"line":334,"column":49}},{"start":{"line":335,"column":12},"end":{"line":335,"column":45}},{"start":{"line":336,"column":12},"end":{"line":336,"column":50}},{"start":{"line":337,"column":12},"end":{"line":337,"column":42}}],"line":334},"47":{"loc":{"start":{"line":343,"column":15},"end":{"line":343,"column":null}},"type":"cond-expr","locations":[{"start":{"line":343,"column":23},"end":{"line":343,"column":34}},{"start":{"line":343,"column":34},"end":{"line":343,"column":null}}],"line":343},"48":{"loc":{"start":{"line":347,"column":16},"end":{"line":347,"column":29}},"type":"binary-expr","locations":[{"start":{"line":347,"column":16},"end":{"line":347,"column":25}},{"start":{"line":347,"column":25},"end":{"line":347,"column":29}}],"line":347}},"s":{"0":1,"1":1,"2":1,"3":1,"4":1,"5":1,"6":1,"7":1,"8":1,"9":1,"10":1,"11":1,"12":1,"13":1,"14":1,"15":1,"16":1,"17":1,"18":1,"19":0,"20":0,"21":0,"22":0,"23":0,"24":1,"25":1,"26":1,"27":1,"28":0,"29":0,"30":0,"31":1,"32":1,"33":0,"34":1,"35":1,"36":1,"37":1,"38":0,"39":0,"40":0,"41":1,"42":1,"43":0,"44":0,"45":0,"46":0,"47":0,"48":0,"49":0,"50":0,"51":1,"52":1,"53":0,"54":1,"55":1,"56":1,"57":1,"58":1,"59":1,"60":1,"61":1,"62":1,"63":0,"64":0,"65":0,"66":0,"67":0,"68":1,"69":1,"70":1,"71":1,"72":0,"73":1,"74":0,"75":1,"76":1,"77":1,"78":1,"79":1,"80":0,"81":0,"82":0,"83":1,"84":0,"85":0,"86":0,"87":0,"88":0,"89":0,"90":0,"91":0,"92":1,"93":1,"94":1,"95":0,"96":1,"97":1,"98":0,"99":1,"100":0,"101":0,"102":0,"103":0,"104":0,"105":0,"106":0,"107":0,"108":0,"109":0,"110":1,"111":1,"112":0,"113":1,"114":1,"115":1,"116":0,"117":0,"118":0,"119":0,"120":0,"121":0,"122":0,"123":0,"124":0,"125":0,"126":0,"127":0,"128":0,"129":0,"130":1,"131":0,"132":1,"133":0,"134":1,"135":1,"136":1,"137":0,"138":0,"139":7},"f":{"0":1,"1":1,"2":1,"3":0,"4":0,"5":0,"6":0,"7":1,"8":0,"9":0,"10":0,"11":0,"12":0,"13":0,"14":0,"15":1,"16":0,"17":1,"18":0,"19":0,"20":0,"21":0,"22":0,"23":1,"24":0,"25":0,"26":1,"27":0,"28":7},"b":{"0":[1],"1":[1,1],"2":[1,1],"3":[1,1],"4":[1,0],"5":[1,0],"6":[0,0],"7":[0,1],"8":[0,0],"9":[1,0,0,0],"10":[0,1],"11":[0,1],"12":[0,1],"13":[1,1],"14":[0,1],"15":[0,0],"16":[0,0],"17":[1,1],"18":[0,1],"19":[1,0,0],"20":[1,0],"21":[1,0],"22":[0,0],"23":[0,0],"24":[1,0],"25":[0,0],"26":[0,0,0],"27":[0,0,0],"28":[0,0],"29":[0,0],"30":[0,0],"31":[0,0],"32":[0,0],"33":[0,1],"34":[1,0],"35":[1,0],"36":[1,0],"37":[1,0,0],"38":[1,1],"39":[1,1],"40":[1,1],"41":[0,0],"42":[0,0],"43":[0,0],"44":[0,0],"45":[0,0,0,0],"46":[1,1,1,1],"47":[0,0],"48":[7,3]},"meta":{"lastBranch":49,"lastFunction":29,"lastStatement":140,"seen":{"s:25:17:25:Infinity":0,"s:26:37:26:Infinity":1,"s:27:38:27:Infinity":2,"s:28:34:28:Infinity":3,"s:29:34:29:Infinity":4,"s:30:35:35:Infinity":5,"f:46:4:46:16":0,"b:46:54:46:56":0,"s:38:38:38:Infinity":6,"s:47:8:47:Infinity":7,"b:47:24:47:44:47:44:47:Infinity":1,"s:48:8:48:Infinity":8,"b:48:34:48:64:48:64:48:Infinity":2,"s:49:8:49:Infinity":9,"b:49:35:49:66:49:66:49:Infinity":3,"s:50:8:50:Infinity":10,"b:50:31:50:58:50:58:50:Infinity":4,"s:51:8:51:Infinity":11,"b:51:32:51:60:51:60:51:Infinity":5,"s:52:8:52:Infinity":12,"f:55:10:55:82":1,"s:56:45:56:Infinity":13,"s:57:32:57:Infinity":14,"s:59:8:151:Infinity":15,"s:60:12:60:Infinity":16,"s:61:12:74:Infinity":17,"s:62:16:62:Infinity":18,"s:64:16:64:Infinity":19,"s:65:30:65:79":20,"b:66:16:72:Infinity:undefined:undefined:undefined:undefined":6,"s:66:16:72:Infinity":21,"s:67:20:72:Infinity":22,"s:74:16:74:Infinity":23,"s:79:34:79:49":24,"s:80:31:80:86":25,"f:80:45:80:50":2,"s:80:55:80:85":26,"b:82:12:96:Infinity:undefined:undefined:undefined:undefined":7,"s:82:12:96:Infinity":27,"s:84:32:84:74":28,"f:84:46:84:50":3,"s:84:55:84:62":29,"s:85:16:96:Infinity":30,"b:88:43:88:54:88:54:88:64":8,"s:99:12:99:Infinity":31,"s:100:12:100:Infinity":32,"f:100:38:100:50":4,"s:100:50:100:55":33,"s:102:31:102:41":34,"s:103:12:103:Infinity":35,"s:108:31:111:67":36,"b:108:31:108:64:109:31:109:66:110:31:110:69:111:31:111:67":9,"b:113:12:116:Infinity:undefined:undefined:undefined:undefined":10,"s:113:12:116:Infinity":37,"s:114:16:114:Infinity":38,"s:115:16:115:Infinity":39,"s:116:16:116:Infinity":40,"s:122:32:122:64":41,"b:123:12:129:Infinity:undefined:undefined:undefined:undefined":11,"s:123:12:129:Infinity":42,"s:124:30:124:64":43,"f:124:49:124:61":5,"s:124:61:124:64":44,"s:125:32:125:86":45,"f:125:71:125:83":6,"s:125:83:125:86":46,"s:126:16:126:Infinity":47,"s:127:16:127:Infinity":48,"s:128:16:128:Infinity":49,"s:129:16:129:Infinity":50,"s:132:34:132:78":51,"b:133:12:144:Infinity:undefined:undefined:undefined:undefined":12,"s:133:12:144:Infinity":52,"s:134:16:144:Infinity":53,"s:147:12:147:Infinity":54,"s:148:12:148:Infinity":55,"s:151:12:151:Infinity":56,"f:156:18:156:46":7,"s:157:30:157:74":57,"s:159:8:200:Infinity":58,"s:159:25:159:28":59,"b:159:28:159:60:159:60:159:104":13,"s:160:49:160:88":60,"s:161:26:161:45":61,"b:163:12:176:Infinity:undefined:undefined:undefined:undefined":14,"s:163:12:176:Infinity":62,"b:164:16:173:Infinity:undefined:undefined:undefined:undefined":15,"s:164:16:173:Infinity":63,"s:165:37:165:91":64,"f:165:76:165:88":8,"s:165:88:165:91":65,"s:166:20:173:Infinity":66,"b:169:39:169:83:169:83:169:Infinity":16,"s:176:16:176:Infinity":67,"s:179:36:179:Infinity":68,"s:180:12:188:Infinity":69,"s:180:29:180:32":70,"b:180:32:180:49:180:49:180:93":17,"s:181:36:181:114":71,"f:181:97:181:109":9,"s:181:109:181:114":72,"b:182:16:183:Infinity:undefined:undefined:undefined:undefined":18,"s:182:16:183:Infinity":73,"s:183:20:183:Infinity":74,"s:186:34:186:Infinity":75,"b:186:34:186:53:186:53:186:82:186:82:186:Infinity":19,"b:187:16:188:Infinity:undefined:undefined:undefined:undefined":20,"s:187:16:188:Infinity":76,"s:188:20:188:Infinity":77,"b:192:12:193:Infinity:undefined:undefined:undefined:undefined":21,"s:192:12:193:Infinity":78,"s:193:16:193:Infinity":79,"b:196:12:197:Infinity:undefined:undefined:undefined:undefined":22,"s:196:12:197:Infinity":80,"b:196:16:196:58:196:58:196:69":23,"s:197:16:197:Infinity":81,"s:200:12:200:Infinity":82,"s:203:8:203:Infinity":83,"f:206:18:206:45":10,"s:207:22:207:44":84,"s:208:28:208:62":85,"f:208:48:208:60":11,"s:208:60:208:62":86,"s:210:8:210:Infinity":87,"f:210:40:210:52":12,"s:210:52:210:57":88,"s:212:8:216:Infinity":89,"f:212:19:212:Infinity":13,"s:213:52:213:Infinity":90,"f:216:10:216:22":14,"s:216:22:216:27":91,"f:219:18:219:41":15,"s:220:8:224:Infinity":92,"s:221:28:221:50":93,"s:222:26:222:62":94,"f:222:48:222:60":16,"s:222:60:222:62":95,"b:223:12:224:Infinity:undefined:undefined:undefined:undefined":24,"s:223:12:224:Infinity":96,"s:224:16:224:Infinity":97,"s:228:8:231:Infinity":98,"f:234:18:234:38":17,"s:235:20:261:Infinity":99,"f:235:31:235:40":18,"s:236:25:236:Infinity":100,"s:237:18:242:27":101,"b:237:26:237:46:237:46:237:Infinity":25,"f:240:17:240:21":19,"s:240:29:240:40":102,"s:244:30:244:81":103,"s:245:27:245:56":104,"s:246:31:246:71":105,"s:247:33:247:75":106,"s:248:37:248:84":107,"s:249:39:249:88":108,"s:251:12:260:Infinity":109,"b:253:23:253:53:253:57:253:87:253:91:253:Infinity":26,"b:254:22:254:38:254:38:254:66:254:70:254:Infinity":27,"b:255:31:255:63:255:67:255:Infinity":28,"b:256:24:256:55:256:59:256:Infinity":29,"b:257:26:257:59:257:63:257:Infinity":30,"b:258:30:258:67:258:71:258:Infinity":31,"b:259:32:259:71:259:75:259:Infinity":32,"s:263:22:263:57":110,"b:264:8:265:Infinity:undefined:undefined:undefined:undefined":33,"s:264:8:265:Infinity":111,"s:265:12:265:Infinity":112,"s:268:28:268:71":113,"b:268:53:268:65:268:65:268:71":34,"s:269:20:269:Infinity":114,"b:269:31:269:68:269:71:269:Infinity":35,"s:271:8:280:Infinity":115,"b:272:27:272:70:272:74:272:Infinity":36,"b:275:20:275:56:275:60:275:90:275:94:275:Infinity":37,"b:277:22:277:60:277:64:277:Infinity":38,"b:278:26:278:68:278:72:278:Infinity":39,"b:279:28:279:72:279:76:279:Infinity":40,"f:283:18:283:34":20,"b:284:8:285:Infinity:undefined:undefined:undefined:undefined":41,"s:284:8:285:Infinity":116,"s:285:12:285:Infinity":117,"s:288:8:288:Infinity":118,"b:290:8:291:Infinity:undefined:undefined:undefined:undefined":42,"s:290:8:291:Infinity":119,"s:291:12:291:Infinity":120,"f:295:18:295:40":21,"b:296:8:297:Infinity:undefined:undefined:undefined:undefined":43,"s:296:8:297:Infinity":121,"s:297:12:297:Infinity":122,"s:300:8:300:Infinity":123,"s:301:8:301:Infinity":124,"s:303:8:321:Infinity":125,"s:304:12:319:Infinity":126,"f:304:23:304:Infinity":22,"s:306:33:306:119":127,"b:306:55:306:83:306:83:306:86":44,"s:307:20:311:Infinity":128,"b:308:24:308:59:309:24:309:55:310:24:310:60:311:24:311:52":45,"s:321:12:321:Infinity":129,"f:325:18:325:34":23,"s:326:22:326:56":130,"f:326:41:326:53":24,"s:326:53:326:56":131,"s:327:25:327:79":132,"f:327:64:327:76":25,"s:327:76:327:79":133,"s:328:8:328:Infinity":134,"f:331:4:331:12":26,"s:332:24:332:42":135,"s:333:8:337:Infinity":136,"b:334:12:334:49:335:12:335:45:336:12:336:50:337:12:337:42":46,"f:341:4:341:12":27,"s:342:22:342:54":137,"s:343:8:343:Infinity":138,"b:343:23:343:34:343:34:343:Infinity":47,"f:346:4:346:12":28,"s:347:8:347:Infinity":139,"b:347:16:347:25:347:25:347:29":48}}}
,"W:\\flavi\\Aplicativos\\Automação UPWORK\\tests\\harness\\browser-mock.ts": {"path":"W:\\flavi\\Aplicativos\\Automação UPWORK\\tests\\harness\\browser-mock.ts","statementMap":{"0":{"start":{"line":3,"column":13},"end":{"line":18,"column":null}},"1":{"start":{"line":3,"column":37},"end":{"line":18,"column":null}},"2":{"start":{"line":20,"column":13},"end":{"line":26,"column":null}},"3":{"start":{"line":21,"column":19},"end":{"line":21,"column":35}},"4":{"start":{"line":22,"column":2},"end":{"line":26,"column":null}},"5":{"start":{"line":29,"column":13},"end":{"line":35,"column":null}},"6":{"start":{"line":30,"column":22},"end":{"line":30,"column":41}},"7":{"start":{"line":31,"column":2},"end":{"line":35,"column":null}}},"fnMap":{"0":{"name":"(anonymous_0)","decl":{"start":{"line":3,"column":13},"end":{"line":3,"column":37}},"loc":{"start":{"line":3,"column":37},"end":{"line":18,"column":null}},"line":3},"1":{"name":"(anonymous_1)","decl":{"start":{"line":20,"column":13},"end":{"line":20,"column":39}},"loc":{"start":{"line":20,"column":39},"end":{"line":26,"column":null}},"line":20},"2":{"name":"(anonymous_2)","decl":{"start":{"line":29,"column":13},"end":{"line":29,"column":39}},"loc":{"start":{"line":29,"column":39},"end":{"line":35,"column":null}},"line":29}},"branchMap":{},"s":{"0":1,"1":2,"2":1,"3":1,"4":1,"5":1,"6":0,"7":0},"f":{"0":2,"1":1,"2":0},"b":{},"meta":{"lastBranch":0,"lastFunction":3,"lastStatement":8,"seen":{"s:3:13:18:Infinity":0,"f:3:13:3:37":0,"s:3:37:18:Infinity":1,"s:20:13:26:Infinity":2,"f:20:13:20:39":1,"s:21:19:21:35":3,"s:22:2:26:Infinity":4,"s:29:13:35:Infinity":5,"f:29:13:29:39":2,"s:30:22:30:41":6,"s:31:2:35:Infinity":7}}}
}
